Started GET "/" for 127.0.0.1 at 2017-11-27 21:10:02 -0500
Processing by Rails::WelcomeController#index as HTML
  Rendering C:/RailsInstaller/Ruby2.3.3/lib/ruby/gems/2.3.0/gems/railties-5.1.4/lib/rails/templates/rails/welcome/index.html.erb
  Rendered C:/RailsInstaller/Ruby2.3.3/lib/ruby/gems/2.3.0/gems/railties-5.1.4/lib/rails/templates/rails/welcome/index.html.erb (15.2ms)
Completed 200 OK in 1596ms (Views: 100.9ms)


Started GET "/" for 127.0.0.1 at 2017-11-27 21:16:24 -0500
  
ArgumentError (Missing :controller key on routes definition, please check your routes.):
  
config/routes.rb:4:in `block in <top (required)>'
config/routes.rb:1:in `<top (required)>'
Started GET "/" for 127.0.0.1 at 2017-11-27 21:17:00 -0500
Processing by HomeController#index as HTML
  Rendering home/index.html.erb within layouts/application
  Rendered home/index.html.erb within layouts/application (0.0ms)
Completed 500 Internal Server Error in 5529ms


  
ActionView::Template::Error (TypeError: Object doesn't support this property or method):
    4:     <title>Advance</title>
    5:     <%= csrf_meta_tags %>
    6: 
    7:     <%= stylesheet_link_tag    'application', media: 'all', 'data-turbolinks-track': 'reload' %>
    8:     <%= javascript_include_tag 'application', 'data-turbolinks-track': 'reload' %>
    9:   </head>
   10: 
  
app/views/layouts/application.html.erb:7:in `_app_views_layouts_application_html_erb__1066862926_60614256'
Started GET "/" for 127.0.0.1 at 2017-11-27 21:19:37 -0500
Processing by HomeController#index as HTML
  Rendering home/index.html.erb within layouts/application
  Rendered home/index.html.erb within layouts/application (3.0ms)
Completed 500 Internal Server Error in 2377ms


  
ActionView::Template::Error (TypeError: Object doesn't support this property or method):
    4:     <title>Advance</title>
    5:     <%= csrf_meta_tags %>
    6: 
    7:     <%= stylesheet_link_tag    'application', media: 'all', 'data-turbolinks-track': 'reload' %>
    8:     <%= javascript_include_tag 'application', 'data-turbolinks-track': 'reload' %>
    9:   </head>
   10: 
  
app/views/layouts/application.html.erb:7:in `_app_views_layouts_application_html_erb___188586237_52921152'
Started GET "/" for 127.0.0.1 at 2017-11-27 21:23:06 -0500
Processing by HomeController#index as HTML
  Rendering home/index.html.erb within layouts/application
  Rendered home/index.html.erb within layouts/application (3.9ms)
Completed 500 Internal Server Error in 2342ms


  
ActionView::Template::Error (TypeError: Object doesn't support this property or method):
    4:     <title>Advance</title>
    5:     <%= csrf_meta_tags %>
    6: 
    7:     <%= stylesheet_link_tag    'application', media: 'all', 'data-turbolinks-track': 'reload' %>
    8:     <%= javascript_include_tag 'application', 'data-turbolinks-track': 'reload' %>
    9:   </head>
   10: 
  
app/views/layouts/application.html.erb:7:in `_app_views_layouts_application_html_erb__472902775_53185416'
Started GET "/home/index" for 127.0.0.1 at 2017-11-27 21:27:57 -0500
Processing by HomeController#index as HTML
Started GET "/" for 127.0.0.1 at 2017-11-27 21:27:57 -0500
Started GET "/home/index" for 127.0.0.1 at 2017-11-27 21:27:57 -0500
Started GET "/home/index" for 127.0.0.1 at 2017-11-27 21:27:57 -0500
Processing by HomeController#index as HTML
Processing by HomeController#index as HTML
Processing by HomeController#index as HTML
  Rendering home/index.html.erb within layouts/application
  Rendered home/index.html.erb within layouts/application (0.0ms)
  Rendering home/index.html.erb within layouts/application
  Rendering home/index.html.erb within layouts/application
  Rendered home/index.html.erb within layouts/application (0.0ms)
  Rendering home/index.html.erb within layouts/application
  Rendered home/index.html.erb within layouts/application (0.0ms)
  Rendered home/index.html.erb within layouts/application (0.0ms)
Completed 500 Internal Server Error in 1908ms


  
ActionView::Template::Error (TypeError: Object doesn't support this property or method):
    4:     <title>Advance</title>
    5:     <%= csrf_meta_tags %>
    6: 
    7:     <%= stylesheet_link_tag    'application', media: 'all', 'data-turbolinks-track': 'reload' %>
    8:     <%= javascript_include_tag 'application', 'data-turbolinks-track': 'reload' %>
    9:   </head>
   10: 
  
app/views/layouts/application.html.erb:7:in `_app_views_layouts_application_html_erb__472902775_73358592'
Completed 500 Internal Server Error in 1497ms


  
ActionView::Template::Error (TypeError: Object doesn't support this property or method):
Completed 500 Internal Server Error in 1634ms


Completed 500 Internal Server Error in 1681ms


    4:     <title>Advance</title>
    5:     <%= csrf_meta_tags %>
    6: 
    7:     <%= stylesheet_link_tag    'application', media: 'all', 'data-turbolinks-track': 'reload' %>
    8:     <%= javascript_include_tag 'application', 'data-turbolinks-track': 'reload' %>
    9:   </head>
   10: 
  
  
  
ActionView::Template::Error (TypeError: Object doesn't support this property or method):
ActionView::Template::Error (TypeError: Object doesn't support this property or method):
app/views/layouts/application.html.erb:7:in `_app_views_layouts_application_html_erb__472902775_73358592'
    4:     <title>Advance</title>
    5:     <%= csrf_meta_tags %>
    6: 
    7:     <%= stylesheet_link_tag    'application', media: 'all', 'data-turbolinks-track': 'reload' %>
    8:     <%= javascript_include_tag 'application', 'data-turbolinks-track': 'reload' %>
    9:   </head>
   10: 
    4:     <title>Advance</title>
    5:     <%= csrf_meta_tags %>
    6: 
    7:     <%= stylesheet_link_tag    'application', media: 'all', 'data-turbolinks-track': 'reload' %>
    8:     <%= javascript_include_tag 'application', 'data-turbolinks-track': 'reload' %>
    9:   </head>
   10: 
  
  
app/views/layouts/application.html.erb:7:in `_app_views_layouts_application_html_erb__472902775_73358592'
app/views/layouts/application.html.erb:7:in `_app_views_layouts_application_html_erb__472902775_73358592'
Started GET "/" for 127.0.0.1 at 2017-11-27 21:30:28 -0500
Processing by HomeController#index as HTML
  Rendering home/index.html.erb within layouts/application
  Rendered home/index.html.erb within layouts/application (3.0ms)
Completed 200 OK in 3016ms (Views: 2501.7ms)


